2022-10-10 00:07:06.033563-07:00 [info] <0.551.0>@ejabberd_config:load/1:82 Loading configuration from config/ejabberd.yml
2022-10-10 00:07:06.239757-07:00 [warning] <0.551.0>@ejabberd_config_transformer:transform_module/4:484 Plugin 'hometree' of mod_pubsub is not supported anymore and has been automatically removed from 'plugins' option. Please adjust your configuration file accordingly. Hint: run `ejabberdctl dump-config` command to view current configuration as it is seen by ejabberd.
2022-10-10 00:07:06.239929-07:00 [warning] <0.551.0>@ejabberd_config_transformer:warn_replaced_module/2:528 Module mod_http_bind is deprecated and was automatically replaced by mod_bosh. Please adjust your configuration file accordingly. Hint: run `ejabberdctl dump-config` command to view current configuration as it is seen by ejabberd.
2022-10-10 00:07:06.240038-07:00 [warning] <0.551.0>@ejabberd_config_transformer:warn_replaced_handler/2:542 Listening option 'web_admin' is deprecated and was automatically replaced by HTTP request handler: "/admin" -> ejabberd_web_admin. Please adjust your configuration file accordingly. Hint: run `ejabberdctl dump-config` command to view current configuration as it is seen by ejabberd.
2022-10-10 00:07:06.240162-07:00 [warning] <0.551.0>@ejabberd_config_transformer:warn_replaced_handler/2:542 Listening option 'http_bind' is deprecated and was automatically replaced by HTTP request handler: "/bosh" -> mod_bosh. Please adjust your configuration file accordingly. Hint: run `ejabberdctl dump-config` command to view current configuration as it is seen by ejabberd.
2022-10-10 00:07:06.240313-07:00 [warning] <0.551.0>@ejabberd_config_transformer:warn_replaced_handler/2:542 Listening option 'captcha' is deprecated and was automatically replaced by HTTP request handler: "/captcha" -> ejabberd_captcha. Please adjust your configuration file accordingly. Hint: run `ejabberdctl dump-config` command to view current configuration as it is seen by ejabberd.
2022-10-10 00:07:06.240476-07:00 [warning] <0.551.0>@ejabberd_config_transformer:replace_request_handlers/1:311 Listening option 'http_poll' is ignored: HTTP Polling support was removed in ejabberd 15.04. Please adjust your configuration file accordingly. Hint: run `ejabberdctl dump-config` command to view current configuration as it is seen by ejabberd.
2022-10-10 00:07:06.240625-07:00 [warning] <0.551.0>@ejabberd_config_transformer:warn_removed_option/1:557 Option 'log_rotate_date' is deprecated and has no effect anymore. Please remove it from the configuration.
2022-10-10 00:07:06.240726-07:00 [warning] <0.551.0>@ejabberd_config_transformer:warn_removed_option/1:557 Option 'log_rate_limit' is deprecated and has no effect anymore. Please remove it from the configuration.
2022-10-10 00:07:06.240796-07:00 [warning] <0.551.0>@ejabberd_config_transformer:warn_removed_option/2:561 Option 'access' is deprecated and has no effect anymore. Use option 'access_rules' instead.
2022-10-10 00:07:06.473887-07:00 [critical] <0.551.0>@ejabberd_app:start/2:72 Failed to start ejabberd application: Invalid value of option modules: unknown ejabberd module: mod_irc. Did you mean mod_muc?
2022-10-10 00:07:31.533046-07:00 [info] <0.440.0>@ejabberd_config:load/1:82 Loading configuration from config/ejabberd.yml
2022-10-10 00:07:31.791387-07:00 [warning] <0.440.0>@ejabberd_config_transformer:transform_module/4:484 Plugin 'hometree' of mod_pubsub is not supported anymore and has been automatically removed from 'plugins' option. Please adjust your configuration file accordingly. Hint: run `ejabberdctl dump-config` command to view current configuration as it is seen by ejabberd.
2022-10-10 00:07:31.791557-07:00 [warning] <0.440.0>@ejabberd_config_transformer:warn_replaced_module/2:528 Module mod_http_bind is deprecated and was automatically replaced by mod_bosh. Please adjust your configuration file accordingly. Hint: run `ejabberdctl dump-config` command to view current configuration as it is seen by ejabberd.
2022-10-10 00:07:31.791684-07:00 [warning] <0.440.0>@ejabberd_config_transformer:warn_replaced_handler/2:542 Listening option 'web_admin' is deprecated and was automatically replaced by HTTP request handler: "/admin" -> ejabberd_web_admin. Please adjust your configuration file accordingly. Hint: run `ejabberdctl dump-config` command to view current configuration as it is seen by ejabberd.
2022-10-10 00:07:31.791805-07:00 [warning] <0.440.0>@ejabberd_config_transformer:warn_replaced_handler/2:542 Listening option 'http_bind' is deprecated and was automatically replaced by HTTP request handler: "/bosh" -> mod_bosh. Please adjust your configuration file accordingly. Hint: run `ejabberdctl dump-config` command to view current configuration as it is seen by ejabberd.
2022-10-10 00:07:31.791890-07:00 [warning] <0.440.0>@ejabberd_config_transformer:warn_replaced_handler/2:542 Listening option 'captcha' is deprecated and was automatically replaced by HTTP request handler: "/captcha" -> ejabberd_captcha. Please adjust your configuration file accordingly. Hint: run `ejabberdctl dump-config` command to view current configuration as it is seen by ejabberd.
2022-10-10 00:07:31.792148-07:00 [warning] <0.440.0>@ejabberd_config_transformer:replace_request_handlers/1:311 Listening option 'http_poll' is ignored: HTTP Polling support was removed in ejabberd 15.04. Please adjust your configuration file accordingly. Hint: run `ejabberdctl dump-config` command to view current configuration as it is seen by ejabberd.
2022-10-10 00:07:31.792292-07:00 [warning] <0.440.0>@ejabberd_config_transformer:warn_removed_option/1:557 Option 'log_rotate_date' is deprecated and has no effect anymore. Please remove it from the configuration.
2022-10-10 00:07:31.792394-07:00 [warning] <0.440.0>@ejabberd_config_transformer:warn_removed_option/1:557 Option 'log_rate_limit' is deprecated and has no effect anymore. Please remove it from the configuration.
2022-10-10 00:07:31.792446-07:00 [warning] <0.440.0>@ejabberd_config_transformer:warn_removed_option/2:561 Option 'access' is deprecated and has no effect anymore. Use option 'access_rules' instead.
2022-10-10 00:07:32.024705-07:00 [critical] <0.440.0>@ejabberd_app:start/2:72 Failed to start ejabberd application: Invalid value of option modules: unknown ejabberd module: mod_irc. Did you mean mod_muc?
2022-10-10 00:08:24.528025-07:00 [info] <0.435.0>@ejabberd_config:load/1:82 Loading configuration from config/ejabberd.yml
2022-10-10 00:08:24.754792-07:00 [warning] <0.435.0>@ejabberd_config_transformer:transform_module/4:484 Plugin 'hometree' of mod_pubsub is not supported anymore and has been automatically removed from 'plugins' option. Please adjust your configuration file accordingly. Hint: run `ejabberdctl dump-config` command to view current configuration as it is seen by ejabberd.
2022-10-10 00:08:24.754940-07:00 [warning] <0.435.0>@ejabberd_config_transformer:warn_replaced_module/2:528 Module mod_http_bind is deprecated and was automatically replaced by mod_bosh. Please adjust your configuration file accordingly. Hint: run `ejabberdctl dump-config` command to view current configuration as it is seen by ejabberd.
2022-10-10 00:08:24.755018-07:00 [warning] <0.435.0>@ejabberd_config_transformer:warn_replaced_handler/2:542 Listening option 'web_admin' is deprecated and was automatically replaced by HTTP request handler: "/admin" -> ejabberd_web_admin. Please adjust your configuration file accordingly. Hint: run `ejabberdctl dump-config` command to view current configuration as it is seen by ejabberd.
2022-10-10 00:08:24.755139-07:00 [warning] <0.435.0>@ejabberd_config_transformer:warn_replaced_handler/2:542 Listening option 'http_bind' is deprecated and was automatically replaced by HTTP request handler: "/bosh" -> mod_bosh. Please adjust your configuration file accordingly. Hint: run `ejabberdctl dump-config` command to view current configuration as it is seen by ejabberd.
2022-10-10 00:08:24.755245-07:00 [warning] <0.435.0>@ejabberd_config_transformer:warn_replaced_handler/2:542 Listening option 'captcha' is deprecated and was automatically replaced by HTTP request handler: "/captcha" -> ejabberd_captcha. Please adjust your configuration file accordingly. Hint: run `ejabberdctl dump-config` command to view current configuration as it is seen by ejabberd.
2022-10-10 00:08:24.755319-07:00 [warning] <0.435.0>@ejabberd_config_transformer:replace_request_handlers/1:311 Listening option 'http_poll' is ignored: HTTP Polling support was removed in ejabberd 15.04. Please adjust your configuration file accordingly. Hint: run `ejabberdctl dump-config` command to view current configuration as it is seen by ejabberd.
2022-10-10 00:08:24.755398-07:00 [warning] <0.435.0>@ejabberd_config_transformer:warn_removed_option/1:557 Option 'log_rotate_date' is deprecated and has no effect anymore. Please remove it from the configuration.
2022-10-10 00:08:24.755478-07:00 [warning] <0.435.0>@ejabberd_config_transformer:warn_removed_option/1:557 Option 'log_rate_limit' is deprecated and has no effect anymore. Please remove it from the configuration.
2022-10-10 00:08:24.755526-07:00 [warning] <0.435.0>@ejabberd_config_transformer:warn_removed_option/2:561 Option 'access' is deprecated and has no effect anymore. Use option 'access_rules' instead.
2022-10-10 00:08:24.948717-07:00 [critical] <0.435.0>@ejabberd_app:start/2:72 Failed to start ejabberd application: Invalid value of option modules: unknown ejabberd module: mod_irc. Did you mean mod_muc?
2022-10-10 00:09:55.905311-07:00 [info] <0.435.0>@ejabberd_config:load/1:82 Loading configuration from config/ejabberd.yml
2022-10-10 00:09:56.113306-07:00 [warning] <0.435.0>@ejabberd_config_transformer:transform_module/4:484 Plugin 'hometree' of mod_pubsub is not supported anymore and has been automatically removed from 'plugins' option. Please adjust your configuration file accordingly. Hint: run `ejabberdctl dump-config` command to view current configuration as it is seen by ejabberd.
2022-10-10 00:09:56.113452-07:00 [warning] <0.435.0>@ejabberd_config_transformer:warn_replaced_module/2:528 Module mod_http_bind is deprecated and was automatically replaced by mod_bosh. Please adjust your configuration file accordingly. Hint: run `ejabberdctl dump-config` command to view current configuration as it is seen by ejabberd.
2022-10-10 00:09:56.113528-07:00 [warning] <0.435.0>@ejabberd_config_transformer:warn_replaced_handler/2:542 Listening option 'web_admin' is deprecated and was automatically replaced by HTTP request handler: "/admin" -> ejabberd_web_admin. Please adjust your configuration file accordingly. Hint: run `ejabberdctl dump-config` command to view current configuration as it is seen by ejabberd.
2022-10-10 00:09:56.113654-07:00 [warning] <0.435.0>@ejabberd_config_transformer:warn_replaced_handler/2:542 Listening option 'http_bind' is deprecated and was automatically replaced by HTTP request handler: "/bosh" -> mod_bosh. Please adjust your configuration file accordingly. Hint: run `ejabberdctl dump-config` command to view current configuration as it is seen by ejabberd.
2022-10-10 00:09:56.113757-07:00 [warning] <0.435.0>@ejabberd_config_transformer:warn_replaced_handler/2:542 Listening option 'captcha' is deprecated and was automatically replaced by HTTP request handler: "/captcha" -> ejabberd_captcha. Please adjust your configuration file accordingly. Hint: run `ejabberdctl dump-config` command to view current configuration as it is seen by ejabberd.
2022-10-10 00:09:56.113837-07:00 [warning] <0.435.0>@ejabberd_config_transformer:replace_request_handlers/1:311 Listening option 'http_poll' is ignored: HTTP Polling support was removed in ejabberd 15.04. Please adjust your configuration file accordingly. Hint: run `ejabberdctl dump-config` command to view current configuration as it is seen by ejabberd.
2022-10-10 00:09:56.113886-07:00 [warning] <0.435.0>@ejabberd_config_transformer:warn_removed_option/1:557 Option 'log_rotate_date' is deprecated and has no effect anymore. Please remove it from the configuration.
2022-10-10 00:09:56.113927-07:00 [warning] <0.435.0>@ejabberd_config_transformer:warn_removed_option/1:557 Option 'log_rate_limit' is deprecated and has no effect anymore. Please remove it from the configuration.
2022-10-10 00:09:56.113976-07:00 [warning] <0.435.0>@ejabberd_config_transformer:warn_removed_option/2:561 Option 'access' is deprecated and has no effect anymore. Use option 'access_rules' instead.
2022-10-10 00:09:56.443787-07:00 [critical] <0.435.0>@ejabberd_app:start/2:72 Failed to start ejabberd application: Invalid value of option modules->mod_client_state: Unknown option: drop_chat_states. Did you mean queue_chat_states? Available options are: queue_chat_states, queue_pep, queue_presence
2022-10-10 00:10:48.830188-07:00 [info] <0.424.0>@ejabberd_config:load/1:82 Loading configuration from config/ejabberd.yml
2022-10-10 00:10:49.102571-07:00 [warning] <0.424.0>@ejabberd_config_transformer:transform_module/4:484 Plugin 'hometree' of mod_pubsub is not supported anymore and has been automatically removed from 'plugins' option. Please adjust your configuration file accordingly. Hint: run `ejabberdctl dump-config` command to view current configuration as it is seen by ejabberd.
2022-10-10 00:10:49.102718-07:00 [warning] <0.424.0>@ejabberd_config_transformer:warn_replaced_module/2:528 Module mod_http_bind is deprecated and was automatically replaced by mod_bosh. Please adjust your configuration file accordingly. Hint: run `ejabberdctl dump-config` command to view current configuration as it is seen by ejabberd.
2022-10-10 00:10:49.102794-07:00 [warning] <0.424.0>@ejabberd_config_transformer:warn_replaced_handler/2:542 Listening option 'web_admin' is deprecated and was automatically replaced by HTTP request handler: "/admin" -> ejabberd_web_admin. Please adjust your configuration file accordingly. Hint: run `ejabberdctl dump-config` command to view current configuration as it is seen by ejabberd.
2022-10-10 00:10:49.102960-07:00 [warning] <0.424.0>@ejabberd_config_transformer:warn_replaced_handler/2:542 Listening option 'http_bind' is deprecated and was automatically replaced by HTTP request handler: "/bosh" -> mod_bosh. Please adjust your configuration file accordingly. Hint: run `ejabberdctl dump-config` command to view current configuration as it is seen by ejabberd.
2022-10-10 00:10:49.103063-07:00 [warning] <0.424.0>@ejabberd_config_transformer:warn_replaced_handler/2:542 Listening option 'captcha' is deprecated and was automatically replaced by HTTP request handler: "/captcha" -> ejabberd_captcha. Please adjust your configuration file accordingly. Hint: run `ejabberdctl dump-config` command to view current configuration as it is seen by ejabberd.
2022-10-10 00:10:49.103137-07:00 [warning] <0.424.0>@ejabberd_config_transformer:replace_request_handlers/1:311 Listening option 'http_poll' is ignored: HTTP Polling support was removed in ejabberd 15.04. Please adjust your configuration file accordingly. Hint: run `ejabberdctl dump-config` command to view current configuration as it is seen by ejabberd.
2022-10-10 00:10:49.103196-07:00 [warning] <0.424.0>@ejabberd_config_transformer:warn_removed_option/1:557 Option 'log_rotate_date' is deprecated and has no effect anymore. Please remove it from the configuration.
2022-10-10 00:10:49.103287-07:00 [warning] <0.424.0>@ejabberd_config_transformer:warn_removed_option/1:557 Option 'log_rate_limit' is deprecated and has no effect anymore. Please remove it from the configuration.
2022-10-10 00:10:49.103343-07:00 [warning] <0.424.0>@ejabberd_config_transformer:warn_removed_option/2:561 Option 'access' is deprecated and has no effect anymore. Use option 'access_rules' instead.
2022-10-10 00:10:49.519707-07:00 [critical] <0.424.0>@ejabberd_app:start/2:72 Failed to start ejabberd application: Invalid value of option modules->mod_client_state: Unknown option: drop_chat_states. Did you mean queue_chat_states? Available options are: queue_chat_states, queue_pep, queue_presence
2022-10-10 00:17:36.447577-07:00 [info] <0.17957.0>@ejabberd_config:load/1:82 Loading configuration from config/ejabberd.yml
2022-10-10 00:17:36.619504-07:00 [warning] <0.17957.0>@ejabberd_config_transformer:transform_module/4:484 Plugin 'hometree' of mod_pubsub is not supported anymore and has been automatically removed from 'plugins' option. Please adjust your configuration file accordingly. Hint: run `ejabberdctl dump-config` command to view current configuration as it is seen by ejabberd.
2022-10-10 00:17:36.619667-07:00 [warning] <0.17957.0>@ejabberd_config_transformer:warn_replaced_module/2:528 Module mod_http_bind is deprecated and was automatically replaced by mod_bosh. Please adjust your configuration file accordingly. Hint: run `ejabberdctl dump-config` command to view current configuration as it is seen by ejabberd.
2022-10-10 00:17:36.619800-07:00 [warning] <0.17957.0>@ejabberd_config_transformer:warn_replaced_handler/2:542 Listening option 'web_admin' is deprecated and was automatically replaced by HTTP request handler: "/admin" -> ejabberd_web_admin. Please adjust your configuration file accordingly. Hint: run `ejabberdctl dump-config` command to view current configuration as it is seen by ejabberd.
2022-10-10 00:17:36.619922-07:00 [warning] <0.17957.0>@ejabberd_config_transformer:warn_replaced_handler/2:542 Listening option 'http_bind' is deprecated and was automatically replaced by HTTP request handler: "/bosh" -> mod_bosh. Please adjust your configuration file accordingly. Hint: run `ejabberdctl dump-config` command to view current configuration as it is seen by ejabberd.
2022-10-10 00:17:36.620043-07:00 [warning] <0.17957.0>@ejabberd_config_transformer:warn_replaced_handler/2:542 Listening option 'captcha' is deprecated and was automatically replaced by HTTP request handler: "/captcha" -> ejabberd_captcha. Please adjust your configuration file accordingly. Hint: run `ejabberdctl dump-config` command to view current configuration as it is seen by ejabberd.
2022-10-10 00:17:36.620161-07:00 [warning] <0.17957.0>@ejabberd_config_transformer:replace_request_handlers/1:311 Listening option 'http_poll' is ignored: HTTP Polling support was removed in ejabberd 15.04. Please adjust your configuration file accordingly. Hint: run `ejabberdctl dump-config` command to view current configuration as it is seen by ejabberd.
2022-10-10 00:17:36.620239-07:00 [warning] <0.17957.0>@ejabberd_config_transformer:warn_removed_option/1:557 Option 'log_rotate_date' is deprecated and has no effect anymore. Please remove it from the configuration.
2022-10-10 00:17:36.620299-07:00 [warning] <0.17957.0>@ejabberd_config_transformer:warn_removed_option/1:557 Option 'log_rate_limit' is deprecated and has no effect anymore. Please remove it from the configuration.
2022-10-10 00:17:36.620348-07:00 [warning] <0.17957.0>@ejabberd_config_transformer:warn_removed_option/2:561 Option 'access' is deprecated and has no effect anymore. Use option 'access_rules' instead.
2022-10-10 00:17:36.834492-07:00 [critical] <0.17957.0>@ejabberd_app:start/2:72 Failed to start ejabberd application: Invalid value of option modules: unknown ejabberd module: mod_irc. Did you mean mod_muc?
2022-10-10 00:28:10.913478-07:00 [info] <0.459.0>@ejabberd_config:load/1:82 Loading configuration from config/ejabberd.yml
2022-10-10 00:28:11.152668-07:00 [warning] <0.459.0>@ejabberd_config_transformer:transform_module/4:484 Plugin 'hometree' of mod_pubsub is not supported anymore and has been automatically removed from 'plugins' option. Please adjust your configuration file accordingly. Hint: run `ejabberdctl dump-config` command to view current configuration as it is seen by ejabberd.
2022-10-10 00:28:11.152830-07:00 [warning] <0.459.0>@ejabberd_config_transformer:warn_replaced_module/2:528 Module mod_http_bind is deprecated and was automatically replaced by mod_bosh. Please adjust your configuration file accordingly. Hint: run `ejabberdctl dump-config` command to view current configuration as it is seen by ejabberd.
2022-10-10 00:28:11.152946-07:00 [warning] <0.459.0>@ejabberd_config_transformer:warn_replaced_handler/2:542 Listening option 'web_admin' is deprecated and was automatically replaced by HTTP request handler: "/admin" -> ejabberd_web_admin. Please adjust your configuration file accordingly. Hint: run `ejabberdctl dump-config` command to view current configuration as it is seen by ejabberd.
2022-10-10 00:28:11.153056-07:00 [warning] <0.459.0>@ejabberd_config_transformer:warn_replaced_handler/2:542 Listening option 'http_bind' is deprecated and was automatically replaced by HTTP request handler: "/bosh" -> mod_bosh. Please adjust your configuration file accordingly. Hint: run `ejabberdctl dump-config` command to view current configuration as it is seen by ejabberd.
2022-10-10 00:28:11.153168-07:00 [warning] <0.459.0>@ejabberd_config_transformer:warn_replaced_handler/2:542 Listening option 'captcha' is deprecated and was automatically replaced by HTTP request handler: "/captcha" -> ejabberd_captcha. Please adjust your configuration file accordingly. Hint: run `ejabberdctl dump-config` command to view current configuration as it is seen by ejabberd.
2022-10-10 00:28:11.153296-07:00 [warning] <0.459.0>@ejabberd_config_transformer:replace_request_handlers/1:311 Listening option 'http_poll' is ignored: HTTP Polling support was removed in ejabberd 15.04. Please adjust your configuration file accordingly. Hint: run `ejabberdctl dump-config` command to view current configuration as it is seen by ejabberd.
2022-10-10 00:28:11.153398-07:00 [warning] <0.459.0>@ejabberd_config_transformer:warn_removed_option/1:557 Option 'log_rotate_date' is deprecated and has no effect anymore. Please remove it from the configuration.
2022-10-10 00:28:11.153467-07:00 [warning] <0.459.0>@ejabberd_config_transformer:warn_removed_option/1:557 Option 'log_rate_limit' is deprecated and has no effect anymore. Please remove it from the configuration.
2022-10-10 00:28:11.153522-07:00 [warning] <0.459.0>@ejabberd_config_transformer:warn_removed_option/2:561 Option 'access' is deprecated and has no effect anymore. Use option 'access_rules' instead.
2022-10-10 00:28:11.375820-07:00 [critical] <0.459.0>@ejabberd_app:start/2:72 Failed to start ejabberd application: Invalid value of option modules: unknown ejabberd module: mod_irc. Did you mean mod_muc?
2022-10-10 00:30:40.380623-07:00 [info] <0.424.0>@ejabberd_config:load/1:82 Loading configuration from config/ejabberd.yml
2022-10-10 00:30:40.629887-07:00 [warning] <0.424.0>@ejabberd_config_transformer:transform_module/4:484 Plugin 'hometree' of mod_pubsub is not supported anymore and has been automatically removed from 'plugins' option. Please adjust your configuration file accordingly. Hint: run `ejabberdctl dump-config` command to view current configuration as it is seen by ejabberd.
2022-10-10 00:30:40.630056-07:00 [warning] <0.424.0>@ejabberd_config_transformer:warn_replaced_module/2:528 Module mod_http_bind is deprecated and was automatically replaced by mod_bosh. Please adjust your configuration file accordingly. Hint: run `ejabberdctl dump-config` command to view current configuration as it is seen by ejabberd.
2022-10-10 00:30:40.630145-07:00 [warning] <0.424.0>@ejabberd_config_transformer:warn_replaced_handler/2:542 Listening option 'web_admin' is deprecated and was automatically replaced by HTTP request handler: "/admin" -> ejabberd_web_admin. Please adjust your configuration file accordingly. Hint: run `ejabberdctl dump-config` command to view current configuration as it is seen by ejabberd.
2022-10-10 00:30:40.630295-07:00 [warning] <0.424.0>@ejabberd_config_transformer:warn_replaced_handler/2:542 Listening option 'http_bind' is deprecated and was automatically replaced by HTTP request handler: "/bosh" -> mod_bosh. Please adjust your configuration file accordingly. Hint: run `ejabberdctl dump-config` command to view current configuration as it is seen by ejabberd.
2022-10-10 00:30:40.630404-07:00 [warning] <0.424.0>@ejabberd_config_transformer:warn_replaced_handler/2:542 Listening option 'captcha' is deprecated and was automatically replaced by HTTP request handler: "/captcha" -> ejabberd_captcha. Please adjust your configuration file accordingly. Hint: run `ejabberdctl dump-config` command to view current configuration as it is seen by ejabberd.
2022-10-10 00:30:40.630565-07:00 [warning] <0.424.0>@ejabberd_config_transformer:replace_request_handlers/1:311 Listening option 'http_poll' is ignored: HTTP Polling support was removed in ejabberd 15.04. Please adjust your configuration file accordingly. Hint: run `ejabberdctl dump-config` command to view current configuration as it is seen by ejabberd.
2022-10-10 00:30:40.630682-07:00 [warning] <0.424.0>@ejabberd_config_transformer:warn_removed_option/1:557 Option 'log_rotate_date' is deprecated and has no effect anymore. Please remove it from the configuration.
2022-10-10 00:30:40.630777-07:00 [warning] <0.424.0>@ejabberd_config_transformer:warn_removed_option/1:557 Option 'log_rate_limit' is deprecated and has no effect anymore. Please remove it from the configuration.
2022-10-10 00:30:40.630867-07:00 [warning] <0.424.0>@ejabberd_config_transformer:warn_removed_option/2:561 Option 'access' is deprecated and has no effect anymore. Use option 'access_rules' instead.
2022-10-10 00:30:41.055336-07:00 [critical] <0.424.0>@ejabberd_app:start/2:72 Failed to start ejabberd application: Invalid value of option modules->mod_client_state: Unknown option: drop_chat_states. Did you mean queue_chat_states? Available options are: queue_chat_states, queue_pep, queue_presence
2022-10-10 00:31:34.014662-07:00 [info] <0.424.0>@ejabberd_config:load/1:82 Loading configuration from config/ejabberd.yml
2022-10-10 00:31:34.232053-07:00 [warning] <0.424.0>@ejabberd_config_transformer:transform_module/4:484 Plugin 'hometree' of mod_pubsub is not supported anymore and has been automatically removed from 'plugins' option. Please adjust your configuration file accordingly. Hint: run `ejabberdctl dump-config` command to view current configuration as it is seen by ejabberd.
2022-10-10 00:31:34.232199-07:00 [warning] <0.424.0>@ejabberd_config_transformer:warn_replaced_module/2:528 Module mod_http_bind is deprecated and was automatically replaced by mod_bosh. Please adjust your configuration file accordingly. Hint: run `ejabberdctl dump-config` command to view current configuration as it is seen by ejabberd.
2022-10-10 00:31:34.232275-07:00 [warning] <0.424.0>@ejabberd_config_transformer:warn_replaced_handler/2:542 Listening option 'web_admin' is deprecated and was automatically replaced by HTTP request handler: "/admin" -> ejabberd_web_admin. Please adjust your configuration file accordingly. Hint: run `ejabberdctl dump-config` command to view current configuration as it is seen by ejabberd.
2022-10-10 00:31:34.232379-07:00 [warning] <0.424.0>@ejabberd_config_transformer:warn_replaced_handler/2:542 Listening option 'http_bind' is deprecated and was automatically replaced by HTTP request handler: "/bosh" -> mod_bosh. Please adjust your configuration file accordingly. Hint: run `ejabberdctl dump-config` command to view current configuration as it is seen by ejabberd.
2022-10-10 00:31:34.232525-07:00 [warning] <0.424.0>@ejabberd_config_transformer:warn_replaced_handler/2:542 Listening option 'captcha' is deprecated and was automatically replaced by HTTP request handler: "/captcha" -> ejabberd_captcha. Please adjust your configuration file accordingly. Hint: run `ejabberdctl dump-config` command to view current configuration as it is seen by ejabberd.
2022-10-10 00:31:34.232681-07:00 [warning] <0.424.0>@ejabberd_config_transformer:replace_request_handlers/1:311 Listening option 'http_poll' is ignored: HTTP Polling support was removed in ejabberd 15.04. Please adjust your configuration file accordingly. Hint: run `ejabberdctl dump-config` command to view current configuration as it is seen by ejabberd.
2022-10-10 00:31:34.232772-07:00 [warning] <0.424.0>@ejabberd_config_transformer:warn_removed_option/1:557 Option 'log_rotate_date' is deprecated and has no effect anymore. Please remove it from the configuration.
2022-10-10 00:31:34.232829-07:00 [warning] <0.424.0>@ejabberd_config_transformer:warn_removed_option/1:557 Option 'log_rate_limit' is deprecated and has no effect anymore. Please remove it from the configuration.
2022-10-10 00:31:34.232906-07:00 [warning] <0.424.0>@ejabberd_config_transformer:warn_removed_option/2:561 Option 'access' is deprecated and has no effect anymore. Use option 'access_rules' instead.
2022-10-10 00:31:34.540409-07:00 [warning] <0.424.0>@gen_mod:warn_soft_dep_fail/2:582 Module mod_mam is recommended for module mod_muc but is not found in the config
2022-10-10 00:31:34.755568-07:00 [info] <0.424.0>@ejabberd_config:load/1:89 Configuration loaded successfully
2022-10-10 00:31:36.461679-07:00 [info] <0.522.0>@ejabberd_systemd:init/1:103 Got no NOTIFY_SOCKET, notifications disabled
2022-10-10 00:31:36.940617-07:00 [info] <0.525.0>@translate:load/2:127 Building language translation cache
2022-10-10 00:31:37.202841-07:00 [info] <0.474.0>@ejabberd_mnesia:create/2:267 Creating Mnesia ram table 'ejabberd_commands'
2022-10-10 00:31:37.440754-07:00 [info] <0.474.0>@ejabberd_mnesia:create/2:267 Creating Mnesia ram table 'route'
2022-10-10 00:31:37.455303-07:00 [info] <0.474.0>@ejabberd_mnesia:create/2:267 Creating Mnesia ram table 'route_multicast'
2022-10-10 00:31:37.484612-07:00 [info] <0.474.0>@ejabberd_mnesia:create/2:267 Creating Mnesia ram table 'session'
2022-10-10 00:31:37.493859-07:00 [info] <0.474.0>@ejabberd_mnesia:create/2:267 Creating Mnesia ram table 'session_counter'
2022-10-10 00:31:37.516118-07:00 [info] <0.474.0>@ejabberd_mnesia:create/2:267 Creating Mnesia ram table 's2s'
2022-10-10 00:31:37.526293-07:00 [info] <0.474.0>@ejabberd_mnesia:create/2:267 Creating Mnesia ram table 'temporarily_blocked'
2022-10-10 00:31:37.541819-07:00 [info] <0.521.0>@gen_mod:start_modules/0:130 Loading modules for localhost
2022-10-10 00:31:37.547693-07:00 [info] <0.474.0>@ejabberd_mnesia:create/2:267 Creating Mnesia disc_only table 'motd'
2022-10-10 00:31:37.558628-07:00 [info] <0.474.0>@ejabberd_mnesia:create/2:267 Creating Mnesia disc_only table 'motd_users'
2022-10-10 00:31:37.579599-07:00 [info] <0.474.0>@ejabberd_mnesia:create/2:267 Creating Mnesia disc_only table 'offline_msg'
2022-10-10 00:31:37.617121-07:00 [info] <0.474.0>@ejabberd_mnesia:create/2:267 Creating Mnesia disc_only table 'caps_features'
2022-10-10 00:31:37.628598-07:00 [info] <0.474.0>@ejabberd_mnesia:create/2:267 Creating Mnesia ram table 'pubsub_last_item'
2022-10-10 00:31:37.643662-07:00 [info] <0.474.0>@ejabberd_mnesia:create/2:267 Creating Mnesia disc table 'pubsub_index'
2022-10-10 00:31:37.665346-07:00 [info] <0.474.0>@ejabberd_mnesia:create/2:267 Creating Mnesia disc table 'pubsub_node'
2022-10-10 00:31:37.678069-07:00 [info] <0.474.0>@ejabberd_mnesia:create/2:267 Creating Mnesia disc table 'pubsub_state'
2022-10-10 00:31:37.690667-07:00 [info] <0.474.0>@ejabberd_mnesia:create/2:267 Creating Mnesia disc_only table 'pubsub_item'
2022-10-10 00:31:37.796011-07:00 [info] <0.474.0>@ejabberd_mnesia:create/2:267 Creating Mnesia disc table 'pubsub_orphan'
2022-10-10 00:31:37.807326-07:00 [info] <0.474.0>@ejabberd_mnesia:create/2:267 Creating Mnesia ram table 'mod_register_ip'
2022-10-10 00:31:37.821916-07:00 [info] <0.474.0>@ejabberd_mnesia:create/2:267 Creating Mnesia disc_only table 'roster'
2022-10-10 00:31:37.874103-07:00 [info] <0.474.0>@ejabberd_mnesia:create/2:267 Creating Mnesia disc_only table 'roster_version'
2022-10-10 00:31:37.905804-07:00 [info] <0.474.0>@ejabberd_mnesia:create/2:267 Creating Mnesia disc table 'sr_group'
2022-10-10 00:31:37.918585-07:00 [info] <0.474.0>@ejabberd_mnesia:create/2:267 Creating Mnesia disc table 'sr_user'
2022-10-10 00:31:37.960900-07:00 [info] <0.474.0>@ejabberd_mnesia:create/2:267 Creating Mnesia disc table 'muc_room'
2022-10-10 00:31:37.971788-07:00 [info] <0.474.0>@ejabberd_mnesia:create/2:267 Creating Mnesia disc table 'muc_registered'
2022-10-10 00:31:37.984293-07:00 [info] <0.474.0>@ejabberd_mnesia:create/2:267 Creating Mnesia ram table 'muc_online_room'
2022-10-10 00:31:37.992666-07:00 [info] <0.474.0>@ejabberd_mnesia:create/2:267 Creating Mnesia disc_only table 'private_storage'
2022-10-10 00:31:38.015652-07:00 [info] <0.474.0>@ejabberd_mnesia:create/2:267 Creating Mnesia disc_only table 'privacy'
2022-10-10 00:31:38.050634-07:00 [info] <0.474.0>@ejabberd_mnesia:create/2:267 Creating Mnesia disc_only table 'vcard'
2022-10-10 00:31:38.061452-07:00 [info] <0.474.0>@ejabberd_mnesia:create/2:267 Creating Mnesia disc table 'vcard_search'
2022-10-10 00:31:38.085908-07:00 [info] <0.474.0>@ejabberd_mnesia:create/2:267 Creating Mnesia ram table 'bosh'
2022-10-10 00:31:38.094163-07:00 [info] <0.474.0>@ejabberd_mnesia:create/2:267 Creating Mnesia disc_only table 'last_activity'
2022-10-10 00:31:38.132590-07:00 [info] <0.474.0>@ejabberd_mnesia:create/2:267 Creating Mnesia disc_only table 'passwd'
2022-10-10 00:31:38.143469-07:00 [info] <0.474.0>@ejabberd_mnesia:create/2:267 Creating Mnesia ram table 'reg_users_counter'
2022-10-10 00:31:38.165755-07:00 [info] <0.474.0>@ejabberd_mnesia:create/2:267 Creating Mnesia disc_only table 'oauth_token'
2022-10-10 00:31:38.177333-07:00 [info] <0.474.0>@ejabberd_mnesia:create/2:267 Creating Mnesia disc table 'oauth_client'
2022-10-10 00:31:38.408211-07:00 [info] <0.424.0>@ejabberd_cluster_mnesia:wait_for_sync/1:123 Waiting for Mnesia synchronization to complete
2022-10-10 00:31:38.452006-07:00 [info] <0.424.0>@ejabberd_app:start/2:63 ejabberd 0.0.0 is started in the node nonode@nohost in 5.39s
2022-10-10 00:31:38.507846-07:00 [info] <0.601.0>@ejabberd_listener:init/4:160 Start accepting TCP connections at 0.0.0.0:5222 for ejabberd_c2s
2022-10-10 00:31:38.508041-07:00 [info] <0.603.0>@ejabberd_listener:init/4:160 Start accepting TCP connections at 0.0.0.0:5280 for ejabberd_http
2022-10-10 00:31:38.508091-07:00 [info] <0.602.0>@ejabberd_listener:init/4:160 Start accepting TCP connections at 0.0.0.0:5269 for ejabberd_s2s_in
2022-10-10 00:32:04.463785-07:00 [error] <0.1044.0>@'Elixir.DBConnection.Connection':connect/2:103 Postgrex.Protocol (#PID<0.1044.0>) failed to connect: ** (DBConnection.ConnectionError) tcp connect (localhost:5432): connection refused - :econnrefused
2022-10-10 00:32:04.463785-07:00 [error] <0.1045.0>@'Elixir.DBConnection.Connection':connect/2:103 Postgrex.Protocol (#PID<0.1045.0>) failed to connect: ** (DBConnection.ConnectionError) tcp connect (localhost:5432): connection refused - :econnrefused
2022-10-10 00:32:04.463873-07:00 [error] <0.1051.0>@'Elixir.DBConnection.Connection':connect/2:103 Postgrex.Protocol (#PID<0.1051.0>) failed to connect: ** (DBConnection.ConnectionError) tcp connect (localhost:5432): connection refused - :econnrefused
2022-10-10 00:32:04.463965-07:00 [error] <0.1046.0>@'Elixir.DBConnection.Connection':connect/2:103 Postgrex.Protocol (#PID<0.1046.0>) failed to connect: ** (DBConnection.ConnectionError) tcp connect (localhost:5432): connection refused - :econnrefused
2022-10-10 00:32:04.463972-07:00 [error] <0.1050.0>@'Elixir.DBConnection.Connection':connect/2:103 Postgrex.Protocol (#PID<0.1050.0>) failed to connect: ** (DBConnection.ConnectionError) tcp connect (localhost:5432): connection refused - :econnrefused
2022-10-10 00:32:04.463984-07:00 [error] <0.1052.0>@'Elixir.DBConnection.Connection':connect/2:103 Postgrex.Protocol (#PID<0.1052.0>) failed to connect: ** (DBConnection.ConnectionError) tcp connect (localhost:5432): connection refused - :econnrefused
2022-10-10 00:32:04.464042-07:00 [error] <0.1053.0>@'Elixir.DBConnection.Connection':connect/2:103 Postgrex.Protocol (#PID<0.1053.0>) failed to connect: ** (DBConnection.ConnectionError) tcp connect (localhost:5432): connection refused - :econnrefused
2022-10-10 00:32:04.464080-07:00 [error] <0.1049.0>@'Elixir.DBConnection.Connection':connect/2:103 Postgrex.Protocol (#PID<0.1049.0>) failed to connect: ** (DBConnection.ConnectionError) tcp connect (localhost:5432): connection refused - :econnrefused
2022-10-10 00:32:04.464086-07:00 [error] <0.1047.0>@'Elixir.DBConnection.Connection':connect/2:103 Postgrex.Protocol (#PID<0.1047.0>) failed to connect: ** (DBConnection.ConnectionError) tcp connect (localhost:5432): connection refused - :econnrefused
2022-10-10 00:32:04.464137-07:00 [error] <0.1048.0>@'Elixir.DBConnection.Connection':connect/2:103 Postgrex.Protocol (#PID<0.1048.0>) failed to connect: ** (DBConnection.ConnectionError) tcp connect (localhost:5432): connection refused - :econnrefused
2022-10-10 00:32:05.542279-07:00 [error] <0.1053.0>@'Elixir.DBConnection.Connection':connect/2:103 Postgrex.Protocol (#PID<0.1053.0>) failed to connect: ** (DBConnection.ConnectionError) tcp connect (localhost:5432): connection refused - :econnrefused
2022-10-10 00:32:05.608089-07:00 [error] <0.1044.0>@'Elixir.DBConnection.Connection':connect/2:103 Postgrex.Protocol (#PID<0.1044.0>) failed to connect: ** (DBConnection.ConnectionError) tcp connect (localhost:5432): connection refused - :econnrefused
2022-10-10 00:32:05.724505-07:00 [error] <0.1049.0>@'Elixir.DBConnection.Connection':connect/2:103 Postgrex.Protocol (#PID<0.1049.0>) failed to connect: ** (DBConnection.ConnectionError) tcp connect (localhost:5432): connection refused - :econnrefused
2022-10-10 00:32:05.906234-07:00 [error] <0.1046.0>@'Elixir.DBConnection.Connection':connect/2:103 Postgrex.Protocol (#PID<0.1046.0>) failed to connect: ** (DBConnection.ConnectionError) tcp connect (localhost:5432): connection refused - :econnrefused
2022-10-10 00:32:06.029912-07:00 [error] <0.1045.0>@'Elixir.DBConnection.Connection':connect/2:103 Postgrex.Protocol (#PID<0.1045.0>) failed to connect: ** (DBConnection.ConnectionError) tcp connect (localhost:5432): connection refused - :econnrefused
2022-10-10 00:32:06.359114-07:00 [error] <0.1051.0>@'Elixir.DBConnection.Connection':connect/2:103 Postgrex.Protocol (#PID<0.1051.0>) failed to connect: ** (DBConnection.ConnectionError) tcp connect (localhost:5432): connection refused - :econnrefused
2022-10-10 00:32:06.683006-07:00 [error] <0.1050.0>@'Elixir.DBConnection.Connection':connect/2:103 Postgrex.Protocol (#PID<0.1050.0>) failed to connect: ** (DBConnection.ConnectionError) tcp connect (localhost:5432): connection refused - :econnrefused
2022-10-10 00:32:06.777406-07:00 [error] <0.1044.0>@'Elixir.DBConnection.Connection':connect/2:103 Postgrex.Protocol (#PID<0.1044.0>) failed to connect: ** (DBConnection.ConnectionError) tcp connect (localhost:5432): connection refused - :econnrefused
2022-10-10 00:32:06.839302-07:00 [error] <0.1052.0>@'Elixir.DBConnection.Connection':connect/2:103 Postgrex.Protocol (#PID<0.1052.0>) failed to connect: ** (DBConnection.ConnectionError) tcp connect (localhost:5432): connection refused - :econnrefused
2022-10-10 00:32:06.898091-07:00 [error] <0.1048.0>@'Elixir.DBConnection.Connection':connect/2:103 Postgrex.Protocol (#PID<0.1048.0>) failed to connect: ** (DBConnection.ConnectionError) tcp connect (localhost:5432): connection refused - :econnrefused
2022-10-10 00:32:07.445195-07:00 [error] <0.1047.0>@'Elixir.DBConnection.Connection':connect/2:103 Postgrex.Protocol (#PID<0.1047.0>) failed to connect: ** (DBConnection.ConnectionError) tcp connect (localhost:5432): connection refused - :econnrefused
2022-10-10 00:32:07.673506-07:00 [error] <0.1053.0>@'Elixir.DBConnection.Connection':connect/2:103 Postgrex.Protocol (#PID<0.1053.0>) failed to connect: ** (DBConnection.ConnectionError) tcp connect (localhost:5432): connection refused - :econnrefused
2022-10-10 00:32:07.948278-07:00 [error] <0.1045.0>@'Elixir.DBConnection.Connection':connect/2:103 Postgrex.Protocol (#PID<0.1045.0>) failed to connect: ** (DBConnection.ConnectionError) tcp connect (localhost:5432): connection refused - :econnrefused
2022-10-10 00:32:08.102489-07:00 [info] <0.1062.0>@'Elixir.Phoenix.Endpoint.Cowboy2Adapter':start_link/3:97 Running ChatTestWeb.Endpoint with cowboy 2.9.0 at 127.0.0.1:4000 (http)
2022-10-10 00:32:08.166393-07:00 [error] <0.1046.0>@'Elixir.DBConnection.Connection':connect/2:103 Postgrex.Protocol (#PID<0.1046.0>) failed to connect: ** (DBConnection.ConnectionError) tcp connect (localhost:5432): connection refused - :econnrefused
2022-10-10 00:32:08.943621-07:00 [error] <0.1049.0>@'Elixir.DBConnection.Connection':connect/2:103 Postgrex.Protocol (#PID<0.1049.0>) failed to connect: ** (DBConnection.ConnectionError) tcp connect (localhost:5432): connection refused - :econnrefused
2022-10-10 00:32:09.340219-07:00 [info] <0.1040.0>@'Elixir.Phoenix.Endpoint.Supervisor':log_access_url/3:399 Access ChatTestWeb.Endpoint at http://localhost:4000
2022-10-10 00:32:09.594413-07:00 [error] <0.1052.0>@'Elixir.DBConnection.Connection':connect/2:103 Postgrex.Protocol (#PID<0.1052.0>) failed to connect: ** (DBConnection.ConnectionError) tcp connect (localhost:5432): connection refused - :econnrefused
2022-10-10 00:32:09.742785-07:00 [error] <0.1044.0>@'Elixir.DBConnection.Connection':connect/2:103 Postgrex.Protocol (#PID<0.1044.0>) failed to connect: ** (DBConnection.ConnectionError) tcp connect (localhost:5432): connection refused - :econnrefused
2022-10-10 00:32:09.879376-07:00 [error] <0.1051.0>@'Elixir.DBConnection.Connection':connect/2:103 Postgrex.Protocol (#PID<0.1051.0>) failed to connect: ** (DBConnection.ConnectionError) tcp connect (localhost:5432): connection refused - :econnrefused
2022-10-10 00:32:11.572693-07:00 [error] <0.1045.0>@'Elixir.DBConnection.Connection':connect/2:103 Postgrex.Protocol (#PID<0.1045.0>) failed to connect: ** (DBConnection.ConnectionError) tcp connect (localhost:5432): connection refused - :econnrefused
2022-10-10 00:32:11.939397-07:00 [error] <0.1050.0>@'Elixir.DBConnection.Connection':connect/2:103 Postgrex.Protocol (#PID<0.1050.0>) failed to connect: ** (DBConnection.ConnectionError) tcp connect (localhost:5432): connection refused - :econnrefused
2022-10-10 00:32:12.201385-07:00 [error] <0.1053.0>@'Elixir.DBConnection.Connection':connect/2:103 Postgrex.Protocol (#PID<0.1053.0>) failed to connect: ** (DBConnection.ConnectionError) tcp connect (localhost:5432): connection refused - :econnrefused
2022-10-10 00:32:12.590593-07:00 [error] <0.1048.0>@'Elixir.DBConnection.Connection':connect/2:103 Postgrex.Protocol (#PID<0.1048.0>) failed to connect: ** (DBConnection.ConnectionError) tcp connect (localhost:5432): connection refused - :econnrefused
