2022-10-20 09:47:53.357395+05:30 [error] <0.622.0>@ejabberd_listener:report_socket_error/3:481 Failed to open socket at 0.0.0.0:5222 for ejabberd_c2s: address already in use
2022-10-20 09:47:53.357574+05:30 [error] <0.621.0>@supervisor:start_children/2:392 SUPERVISOR REPORT:
    supervisor: {local,ejabberd_listener}
    errorContext: start_error
    reason: eaddrinuse
    offender: [{pid,undefined},
               {id,{5222,{0,0,0,0},tcp}},
               {mfargs,
                   {ejabberd_listener,start,
                       [{5222,{0,0,0,0},tcp},
                        ejabberd_c2s,
                        #{accept_interval => 0,access => c2s,backlog => 5,
                          cafile => undefined,ciphers => undefined,
                          dhfile => undefined,
                          ip => {0,0,0,0},
                          max_fsm_queue => 10000,max_stanza_size => 65536,
                          protocol_options => undefined,send_timeout => 15000,
                          shaper => c2s_shaper,starttls => false,
                          starttls_required => false,supervisor => true,
                          tls => false,tls_compression => false,
                          tls_verify => false,transport => tcp,
                          use_proxy_protocol => false,zlib => false}]}},
               {restart_type,transient},
               {significant,false},
               {shutdown,brutal_kill},
               {child_type,worker}]

2022-10-20 09:47:53.357921+05:30 [error] <0.542.0>@supervisor:start_children/2:392 SUPERVISOR REPORT:
    supervisor: {local,ejabberd_sup}
    errorContext: start_error
    reason: {shutdown,{failed_to_start_child,{5222,{0,0,0,0},tcp},eaddrinuse}}
    offender: [{pid,undefined},
               {id,ejabberd_listener},
               {mfargs,{ejabberd_listener,start_link,[]}},
               {restart_type,permanent},
               {significant,false},
               {shutdown,infinity},
               {child_type,supervisor}]

2022-10-20 09:47:53.362847+05:30 [critical] <0.445.0>@ejabberd_app:start/2:68 Failed to start ejabberd application: {error,
                                       {shutdown,
                                        {failed_to_start_child,
                                         ejabberd_listener,
                                         {shutdown,
                                          {failed_to_start_child,
                                           {5222,{0,0,0,0},tcp},
                                           eaddrinuse}}}}}
2022-10-20 09:48:28.889358+05:30 [error] <0.812.0>@ejabberd_listener:report_socket_error/3:481 Failed to open socket at 0.0.0.0:5222 for ejabberd_c2s: address already in use
2022-10-20 09:48:28.889534+05:30 [error] <0.811.0>@supervisor:start_children/2:392 SUPERVISOR REPORT:
    supervisor: {local,ejabberd_listener}
    errorContext: start_error
    reason: eaddrinuse
    offender: [{pid,undefined},
               {id,{5222,{0,0,0,0},tcp}},
               {mfargs,
                   {ejabberd_listener,start,
                       [{5222,{0,0,0,0},tcp},
                        ejabberd_c2s,
                        #{accept_interval => 0,access => c2s,backlog => 5,
                          cafile => undefined,ciphers => undefined,
                          dhfile => undefined,
                          ip => {0,0,0,0},
                          max_fsm_queue => 10000,max_stanza_size => 65536,
                          protocol_options => undefined,send_timeout => 15000,
                          shaper => c2s_shaper,starttls => false,
                          starttls_required => false,supervisor => true,
                          tls => false,tls_compression => false,
                          tls_verify => false,transport => tcp,
                          use_proxy_protocol => false,zlib => false}]}},
               {restart_type,transient},
               {significant,false},
               {shutdown,brutal_kill},
               {child_type,worker}]

2022-10-20 09:48:28.889920+05:30 [error] <0.785.0>@supervisor:start_children/2:392 SUPERVISOR REPORT:
    supervisor: {local,ejabberd_sup}
    errorContext: start_error
    reason: {shutdown,{failed_to_start_child,{5222,{0,0,0,0},tcp},eaddrinuse}}
    offender: [{pid,undefined},
               {id,ejabberd_listener},
               {mfargs,{ejabberd_listener,start_link,[]}},
               {restart_type,permanent},
               {significant,false},
               {shutdown,infinity},
               {child_type,supervisor}]

2022-10-20 09:48:28.895995+05:30 [critical] <0.692.0>@ejabberd_app:start/2:68 Failed to start ejabberd application: {error,
                                       {shutdown,
                                        {failed_to_start_child,
                                         ejabberd_listener,
                                         {shutdown,
                                          {failed_to_start_child,
                                           {5222,{0,0,0,0},tcp},
                                           eaddrinuse}}}}}
2022-10-20 09:54:39.367670+05:30 [error] <0.699.0>@ejabberd_listener:report_socket_error/3:481 Failed to open socket at 0.0.0.0:5269 for ejabberd_s2s_in: address already in use
2022-10-20 09:54:39.367864+05:30 [error] <0.697.0>@supervisor:start_children/2:392 SUPERVISOR REPORT:
    supervisor: {local,ejabberd_listener}
    errorContext: start_error
    reason: eaddrinuse
    offender: [{pid,undefined},
               {id,{5269,{0,0,0,0},tcp}},
               {mfargs,
                   {ejabberd_listener,start,
                       [{5269,{0,0,0,0},tcp},
                        ejabberd_s2s_in,
                        #{accept_interval => 0,backlog => 5,
                          cafile => undefined,ciphers => undefined,
                          dhfile => undefined,
                          ip => {0,0,0,0},
                          max_fsm_queue => 10000,max_stanza_size => infinity,
                          protocol_options => undefined,send_timeout => 15000,
                          shaper => none,supervisor => true,tls => false,
                          tls_compression => false,transport => tcp,
                          use_proxy_protocol => false}]}},
               {restart_type,transient},
               {significant,false},
               {shutdown,brutal_kill},
               {child_type,worker}]

2022-10-20 09:54:39.368355+05:30 [error] <0.671.0>@supervisor:start_children/2:392 SUPERVISOR REPORT:
    supervisor: {local,ejabberd_sup}
    errorContext: start_error
    reason: {shutdown,{failed_to_start_child,{5269,{0,0,0,0},tcp},eaddrinuse}}
    offender: [{pid,undefined},
               {id,ejabberd_listener},
               {mfargs,{ejabberd_listener,start_link,[]}},
               {restart_type,permanent},
               {significant,false},
               {shutdown,infinity},
               {child_type,supervisor}]

2022-10-20 09:54:39.372192+05:30 [critical] <0.576.0>@ejabberd_app:start/2:68 Failed to start ejabberd application: {error,
                                       {shutdown,
                                        {failed_to_start_child,
                                         ejabberd_listener,
                                         {shutdown,
                                          {failed_to_start_child,
                                           {5269,{0,0,0,0},tcp},
                                           eaddrinuse}}}}}
2022-10-20 09:55:04.612795+05:30 [error] <0.544.0>@ejabberd_listener:report_socket_error/3:481 Failed to open socket at 0.0.0.0:5280 for ejabberd_http: address already in use
2022-10-20 09:55:04.613019+05:30 [error] <0.541.0>@supervisor:start_children/2:392 SUPERVISOR REPORT:
    supervisor: {local,ejabberd_listener}
    errorContext: start_error
    reason: eaddrinuse
    offender: [{pid,undefined},
               {id,{5280,{0,0,0,0},tcp}},
               {mfargs,
                   {ejabberd_listener,start,
                       [{5280,{0,0,0,0},tcp},
                        ejabberd_http,
                        #{accept_interval => 0,backlog => 5,
                          cafile => undefined,ciphers => undefined,
                          custom_headers => [],default_host => undefined,
                          dhfile => undefined,
                          ip => {0,0,0,0},
                          protocol_options => undefined,
                          request_handlers =>
                              [{[<<"captcha">>],ejabberd_captcha},
                               {[<<"bosh">>],mod_bosh},
                               {[<<"admin">>],ejabberd_web_admin}],
                          send_timeout => 15000,supervisor => true,
                          tag => <<>>,tls => false,tls_compression => false,
                          transport => tcp,use_proxy_protocol => false}]}},
               {restart_type,transient},
               {significant,false},
               {shutdown,brutal_kill},
               {child_type,worker}]

2022-10-20 09:55:04.613477+05:30 [error] <0.515.0>@supervisor:start_children/2:392 SUPERVISOR REPORT:
    supervisor: {local,ejabberd_sup}
    errorContext: start_error
    reason: {shutdown,{failed_to_start_child,{5280,{0,0,0,0},tcp},eaddrinuse}}
    offender: [{pid,undefined},
               {id,ejabberd_listener},
               {mfargs,{ejabberd_listener,start_link,[]}},
               {restart_type,permanent},
               {significant,false},
               {shutdown,infinity},
               {child_type,supervisor}]

2022-10-20 09:55:04.619195+05:30 [critical] <0.418.0>@ejabberd_app:start/2:68 Failed to start ejabberd application: {error,
                                       {shutdown,
                                        {failed_to_start_child,
                                         ejabberd_listener,
                                         {shutdown,
                                          {failed_to_start_child,
                                           {5280,{0,0,0,0},tcp},
                                           eaddrinuse}}}}}
